running egg_info
writing ../../build/lfd/lfd.egg-info/PKG-INFO
writing dependency_links to ../../build/lfd/lfd.egg-info/dependency_links.txt
writing entry points to ../../build/lfd/lfd.egg-info/entry_points.txt
writing requirements to ../../build/lfd/lfd.egg-info/requires.txt
writing top-level names to ../../build/lfd/lfd.egg-info/top_level.txt
reading manifest file '../../build/lfd/lfd.egg-info/SOURCES.txt'
writing manifest file '../../build/lfd/lfd.egg-info/SOURCES.txt'
running build
running build_py
copying lfd/hallucinate.py -> /IL_Turtlebot/ros_ws/build/lfd/build/lib/lfd
running install
running install_lib
copying /IL_Turtlebot/ros_ws/build/lfd/build/lib/lfd/hallucinate.py -> /IL_Turtlebot/ros_ws/install/lfd/lib/python3.10/site-packages/lfd
byte-compiling /IL_Turtlebot/ros_ws/install/lfd/lib/python3.10/site-packages/lfd/hallucinate.py to hallucinate.cpython-310.pyc
running install_data
running install_egg_info
removing '/IL_Turtlebot/ros_ws/install/lfd/lib/python3.10/site-packages/lfd-0.0.0-py3.10.egg-info' (and everything under it)
Copying ../../build/lfd/lfd.egg-info to /IL_Turtlebot/ros_ws/install/lfd/lib/python3.10/site-packages/lfd-0.0.0-py3.10.egg-info
running install_scripts
writing list of installed files to '/IL_Turtlebot/ros_ws/build/lfd/install.log'
