[0.446s] Invoking command in '/IL_Turtlebot/ros_ws/src/lfd': PYTHONPATH=/IL_Turtlebot/ros_ws/build/lfd/prefix_override:/usr/lib/python3/dist-packages/colcon_core/task/python/colcon_distutils_commands:/IL_Turtlebot/ros_ws/install/lfd/lib/python3.10/site-packages:${PYTHONPATH} /usr/bin/python3 -W ignore:setup.py install is deprecated setup.py egg_info --egg-base ../../build/lfd build --build-base /IL_Turtlebot/ros_ws/build/lfd/build install --record /IL_Turtlebot/ros_ws/build/lfd/install.log --single-version-externally-managed install_data
[0.615s] running egg_info
[0.616s] writing ../../build/lfd/lfd.egg-info/PKG-INFO
[0.617s] writing dependency_links to ../../build/lfd/lfd.egg-info/dependency_links.txt
[0.617s] writing entry points to ../../build/lfd/lfd.egg-info/entry_points.txt
[0.617s] writing requirements to ../../build/lfd/lfd.egg-info/requires.txt
[0.617s] writing top-level names to ../../build/lfd/lfd.egg-info/top_level.txt
[0.618s] reading manifest file '../../build/lfd/lfd.egg-info/SOURCES.txt'
[0.618s] writing manifest file '../../build/lfd/lfd.egg-info/SOURCES.txt'
[0.619s] running build
[0.619s] running build_py
[0.619s] copying lfd/hallucinate.py -> /IL_Turtlebot/ros_ws/build/lfd/build/lib/lfd
[0.619s] running install
[0.619s] running install_lib
[0.620s] copying /IL_Turtlebot/ros_ws/build/lfd/build/lib/lfd/hallucinate.py -> /IL_Turtlebot/ros_ws/install/lfd/lib/python3.10/site-packages/lfd
[0.620s] byte-compiling /IL_Turtlebot/ros_ws/install/lfd/lib/python3.10/site-packages/lfd/hallucinate.py to hallucinate.cpython-310.pyc
[0.620s] running install_data
[0.620s] running install_egg_info
[0.622s] removing '/IL_Turtlebot/ros_ws/install/lfd/lib/python3.10/site-packages/lfd-0.0.0-py3.10.egg-info' (and everything under it)
[0.623s] Copying ../../build/lfd/lfd.egg-info to /IL_Turtlebot/ros_ws/install/lfd/lib/python3.10/site-packages/lfd-0.0.0-py3.10.egg-info
[0.624s] running install_scripts
[0.642s] writing list of installed files to '/IL_Turtlebot/ros_ws/build/lfd/install.log'
[0.660s] Invoked command in '/IL_Turtlebot/ros_ws/src/lfd' returned '0': PYTHONPATH=/IL_Turtlebot/ros_ws/build/lfd/prefix_override:/usr/lib/python3/dist-packages/colcon_core/task/python/colcon_distutils_commands:/IL_Turtlebot/ros_ws/install/lfd/lib/python3.10/site-packages:${PYTHONPATH} /usr/bin/python3 -W ignore:setup.py install is deprecated setup.py egg_info --egg-base ../../build/lfd build --build-base /IL_Turtlebot/ros_ws/build/lfd/build install --record /IL_Turtlebot/ros_ws/build/lfd/install.log --single-version-externally-managed install_data
