[0.100s] DEBUG:colcon:Command line arguments: ['/usr/bin/colcon', 'build', '--symlink-install']
[0.100s] DEBUG:colcon:Parsed command line arguments: Namespace(log_base=None, log_level=None, verb_name='build', build_base='build', install_base='install', merge_install=False, symlink_install=True, test_result_base=None, continue_on_error=False, executor='parallel', parallel_workers=8, event_handlers=None, ignore_user_meta=False, metas=['./colcon.meta'], base_paths=['.'], packages_ignore=None, packages_ignore_regex=None, paths=None, packages_up_to=None, packages_up_to_regex=None, packages_above=None, packages_above_and_dependencies=None, packages_above_depth=None, packages_select_by_dep=None, packages_skip_by_dep=None, packages_skip_up_to=None, packages_select_build_failed=False, packages_skip_build_finished=False, packages_select_test_failures=False, packages_skip_test_passed=False, packages_select=None, packages_skip=None, packages_select_regex=None, packages_skip_regex=None, packages_start=None, packages_end=None, cmake_args=None, cmake_target=None, cmake_target_skip_unavailable=False, cmake_clean_cache=False, cmake_clean_first=False, cmake_force_configure=False, ament_cmake_args=None, catkin_cmake_args=None, catkin_skip_building_tests=False, mixin_files=None, mixin=None, verb_parser=<colcon_mixin.mixin.mixin_argument.MixinArgumentDecorator object at 0x7fb30b4b8af0>, verb_extension=<colcon_core.verb.build.BuildVerb object at 0x7fb30b4b8580>, main=<bound method BuildVerb.main of <colcon_core.verb.build.BuildVerb object at 0x7fb30b4b8580>>, mixin_verb=('build',))
[0.207s] Level 1:colcon.colcon_core.package_discovery:discover_packages(colcon_meta) check parameters
[0.208s] INFO:colcon.colcon_metadata.package_discovery.colcon_meta:Using configuration from '/root/.colcon/metadata/default/Gazebo.meta'
[0.209s] INFO:colcon.colcon_metadata.package_discovery.colcon_meta:Using configuration from '/root/.colcon/metadata/default/fastrtps.meta'
[0.209s] Level 1:colcon.colcon_core.package_discovery:discover_packages(recursive) check parameters
[0.209s] Level 1:colcon.colcon_core.package_discovery:discover_packages(ignore) check parameters
[0.209s] Level 1:colcon.colcon_core.package_discovery:discover_packages(path) check parameters
[0.209s] Level 1:colcon.colcon_core.package_discovery:discover_packages(colcon_meta) discover
[0.209s] Level 1:colcon.colcon_core.package_discovery:discover_packages(recursive) discover
[0.209s] INFO:colcon.colcon_core.package_discovery:Crawling recursively for packages in '/IL_Turtlebot/ros_ws'
[0.209s] Level 1:colcon.colcon_core.package_identification:_identify(.) by extensions ['ignore', 'ignore_ament_install']
[0.209s] Level 1:colcon.colcon_core.package_identification:_identify(.) by extension 'ignore'
[0.209s] Level 1:colcon.colcon_core.package_identification:_identify(.) by extension 'ignore_ament_install'
[0.209s] Level 1:colcon.colcon_core.package_identification:_identify(.) by extensions ['colcon_pkg']
[0.209s] Level 1:colcon.colcon_core.package_identification:_identify(.) by extension 'colcon_pkg'
[0.209s] Level 1:colcon.colcon_core.package_identification:_identify(.) by extensions ['colcon_meta']
[0.209s] Level 1:colcon.colcon_core.package_identification:_identify(.) by extension 'colcon_meta'
[0.209s] Level 1:colcon.colcon_core.package_identification:_identify(.) by extensions ['ros']
[0.209s] Level 1:colcon.colcon_core.package_identification:_identify(.) by extension 'ros'
[0.219s] Level 1:colcon.colcon_core.package_identification:_identify(.) by extensions ['cmake', 'python']
[0.220s] Level 1:colcon.colcon_core.package_identification:_identify(.) by extension 'cmake'
[0.220s] Level 1:colcon.colcon_core.package_identification:_identify(.) by extension 'python'
[0.220s] Level 1:colcon.colcon_core.package_identification:_identify(.) by extensions ['python_setup_py']
[0.220s] Level 1:colcon.colcon_core.package_identification:_identify(.) by extension 'python_setup_py'
[0.220s] Level 1:colcon.colcon_core.package_identification:_identify(build) by extensions ['ignore', 'ignore_ament_install']
[0.220s] Level 1:colcon.colcon_core.package_identification:_identify(build) by extension 'ignore'
[0.220s] Level 1:colcon.colcon_core.package_identification:_identify(build) ignored
[0.220s] Level 1:colcon.colcon_core.package_identification:_identify(install) by extensions ['ignore', 'ignore_ament_install']
[0.220s] Level 1:colcon.colcon_core.package_identification:_identify(install) by extension 'ignore'
[0.220s] Level 1:colcon.colcon_core.package_identification:_identify(install) ignored
[0.220s] Level 1:colcon.colcon_core.package_identification:_identify(log) by extensions ['ignore', 'ignore_ament_install']
[0.220s] Level 1:colcon.colcon_core.package_identification:_identify(log) by extension 'ignore'
[0.220s] Level 1:colcon.colcon_core.package_identification:_identify(log) ignored
[0.220s] Level 1:colcon.colcon_core.package_identification:_identify(src) by extensions ['ignore', 'ignore_ament_install']
[0.220s] Level 1:colcon.colcon_core.package_identification:_identify(src) by extension 'ignore'
[0.220s] Level 1:colcon.colcon_core.package_identification:_identify(src) by extension 'ignore_ament_install'
[0.220s] Level 1:colcon.colcon_core.package_identification:_identify(src) by extensions ['colcon_pkg']
[0.220s] Level 1:colcon.colcon_core.package_identification:_identify(src) by extension 'colcon_pkg'
[0.220s] Level 1:colcon.colcon_core.package_identification:_identify(src) by extensions ['colcon_meta']
[0.220s] Level 1:colcon.colcon_core.package_identification:_identify(src) by extension 'colcon_meta'
[0.221s] Level 1:colcon.colcon_core.package_identification:_identify(src) by extensions ['ros']
[0.221s] Level 1:colcon.colcon_core.package_identification:_identify(src) by extension 'ros'
[0.221s] Level 1:colcon.colcon_core.package_identification:_identify(src) by extensions ['cmake', 'python']
[0.221s] Level 1:colcon.colcon_core.package_identification:_identify(src) by extension 'cmake'
[0.221s] Level 1:colcon.colcon_core.package_identification:_identify(src) by extension 'python'
[0.221s] Level 1:colcon.colcon_core.package_identification:_identify(src) by extensions ['python_setup_py']
[0.221s] Level 1:colcon.colcon_core.package_identification:_identify(src) by extension 'python_setup_py'
[0.221s] Level 1:colcon.colcon_core.package_identification:_identify(src/lfd) by extensions ['ignore', 'ignore_ament_install']
[0.221s] Level 1:colcon.colcon_core.package_identification:_identify(src/lfd) by extension 'ignore'
[0.221s] Level 1:colcon.colcon_core.package_identification:_identify(src/lfd) by extension 'ignore_ament_install'
[0.221s] Level 1:colcon.colcon_core.package_identification:_identify(src/lfd) by extensions ['colcon_pkg']
[0.221s] Level 1:colcon.colcon_core.package_identification:_identify(src/lfd) by extension 'colcon_pkg'
[0.221s] Level 1:colcon.colcon_core.package_identification:_identify(src/lfd) by extensions ['colcon_meta']
[0.221s] Level 1:colcon.colcon_core.package_identification:_identify(src/lfd) by extension 'colcon_meta'
[0.221s] Level 1:colcon.colcon_core.package_identification:_identify(src/lfd) by extensions ['ros']
[0.221s] Level 1:colcon.colcon_core.package_identification:_identify(src/lfd) by extension 'ros'
[0.224s] DEBUG:colcon.colcon_core.package_identification:Package 'src/lfd' with type 'ros.ament_python' and name 'lfd'
[0.224s] Level 1:colcon.colcon_core.package_discovery:discover_packages(recursive) using defaults
[0.224s] Level 1:colcon.colcon_core.package_discovery:discover_packages(ignore) discover
[0.224s] Level 1:colcon.colcon_core.package_discovery:discover_packages(ignore) using defaults
[0.224s] Level 1:colcon.colcon_core.package_discovery:discover_packages(path) discover
[0.224s] Level 1:colcon.colcon_core.package_discovery:discover_packages(path) using defaults
[0.240s] Level 5:colcon.colcon_core.verb:set package 'lfd' build argument 'cmake_args' from command line to 'None'
[0.240s] Level 5:colcon.colcon_core.verb:set package 'lfd' build argument 'cmake_target' from command line to 'None'
[0.240s] Level 5:colcon.colcon_core.verb:set package 'lfd' build argument 'cmake_target_skip_unavailable' from command line to 'False'
[0.240s] Level 5:colcon.colcon_core.verb:set package 'lfd' build argument 'cmake_clean_cache' from command line to 'False'
[0.240s] Level 5:colcon.colcon_core.verb:set package 'lfd' build argument 'cmake_clean_first' from command line to 'False'
[0.240s] Level 5:colcon.colcon_core.verb:set package 'lfd' build argument 'cmake_force_configure' from command line to 'False'
[0.241s] Level 5:colcon.colcon_core.verb:set package 'lfd' build argument 'ament_cmake_args' from command line to 'None'
[0.241s] Level 5:colcon.colcon_core.verb:set package 'lfd' build argument 'catkin_cmake_args' from command line to 'None'
[0.241s] Level 5:colcon.colcon_core.verb:set package 'lfd' build argument 'catkin_skip_building_tests' from command line to 'False'
[0.241s] DEBUG:colcon.colcon_core.verb:Building package 'lfd' with the following arguments: {'ament_cmake_args': None, 'build_base': '/IL_Turtlebot/ros_ws/build/lfd', 'catkin_cmake_args': None, 'catkin_skip_building_tests': False, 'cmake_args': None, 'cmake_clean_cache': False, 'cmake_clean_first': False, 'cmake_force_configure': False, 'cmake_target': None, 'cmake_target_skip_unavailable': False, 'install_base': '/IL_Turtlebot/ros_ws/install/lfd', 'merge_install': False, 'path': '/IL_Turtlebot/ros_ws/src/lfd', 'symlink_install': True, 'test_result_base': None}
[0.241s] INFO:colcon.colcon_core.executor:Executing jobs using 'parallel' executor
[0.242s] DEBUG:colcon.colcon_parallel_executor.executor.parallel:run_until_complete
[0.242s] INFO:colcon.colcon_ros.task.ament_python.build:Building ROS package in '/IL_Turtlebot/ros_ws/src/lfd' with build type 'ament_python'
[0.242s] Level 1:colcon.colcon_core.shell:create_environment_hook('lfd', 'ament_prefix_path')
[0.244s] INFO:colcon.colcon_core.plugin_system:Skipping extension 'colcon_core.shell.bat': Not used on non-Windows systems
[0.244s] INFO:colcon.colcon_core.shell:Creating environment hook '/IL_Turtlebot/ros_ws/install/lfd/share/lfd/hook/ament_prefix_path.ps1'
[0.245s] INFO:colcon.colcon_core.shell:Creating environment descriptor '/IL_Turtlebot/ros_ws/install/lfd/share/lfd/hook/ament_prefix_path.dsv'
[0.245s] INFO:colcon.colcon_core.shell:Creating environment hook '/IL_Turtlebot/ros_ws/install/lfd/share/lfd/hook/ament_prefix_path.sh'
[0.246s] INFO:colcon.colcon_core.shell:Skip shell extension 'powershell' for command environment: Not usable outside of PowerShell
[0.246s] DEBUG:colcon.colcon_core.shell:Skip shell extension 'dsv' for command environment
[0.465s] INFO:colcon.colcon_core.task.python.build:Building Python package in '/IL_Turtlebot/ros_ws/src/lfd'
[0.465s] INFO:colcon.colcon_core.shell:Skip shell extension 'powershell' for command environment: Not usable outside of PowerShell
[0.465s] DEBUG:colcon.colcon_core.shell:Skip shell extension 'dsv' for command environment
[0.703s] DEBUG:colcon.colcon_core.task.python.build:While undoing a previous installation files outside the Python library path are being ignored: /IL_Turtlebot/ros_ws/install/lfd/share/ament_index/resource_index/packages/lfd
[0.703s] DEBUG:colcon.colcon_core.task.python.build:While undoing a previous installation files outside the Python library path are being ignored: /IL_Turtlebot/ros_ws/install/lfd/share/lfd/package.xml
[0.704s] DEBUG:colcon.colcon_core.event_handler.log_command:Invoking command in '/IL_Turtlebot/ros_ws/build/lfd': PYTHONPATH=/IL_Turtlebot/ros_ws/build/lfd/prefix_override:/usr/lib/python3/dist-packages/colcon_core/task/python/colcon_distutils_commands:/IL_Turtlebot/ros_ws/install/lfd/lib/python3.10/site-packages:${PYTHONPATH} /usr/bin/python3 -W ignore:setup.py install is deprecated setup.py develop --editable --build-directory /IL_Turtlebot/ros_ws/build/lfd/build --no-deps symlink_data --force
[1.044s] Level 1:colcon.colcon_core.shell:create_environment_hook('lfd', 'pythonpath_develop')
[1.044s] INFO:colcon.colcon_core.shell:Creating environment hook '/IL_Turtlebot/ros_ws/build/lfd/share/lfd/hook/pythonpath_develop.ps1'
[1.045s] DEBUG:colcon.colcon_core.event_handler.log_command:Invoked command in '/IL_Turtlebot/ros_ws/build/lfd' returned '0': PYTHONPATH=/IL_Turtlebot/ros_ws/build/lfd/prefix_override:/usr/lib/python3/dist-packages/colcon_core/task/python/colcon_distutils_commands:/IL_Turtlebot/ros_ws/install/lfd/lib/python3.10/site-packages:${PYTHONPATH} /usr/bin/python3 -W ignore:setup.py install is deprecated setup.py develop --editable --build-directory /IL_Turtlebot/ros_ws/build/lfd/build --no-deps symlink_data --force
[1.045s] INFO:colcon.colcon_core.shell:Creating environment descriptor '/IL_Turtlebot/ros_ws/build/lfd/share/lfd/hook/pythonpath_develop.dsv'
[1.045s] INFO:colcon.colcon_core.shell:Creating environment hook '/IL_Turtlebot/ros_ws/build/lfd/share/lfd/hook/pythonpath_develop.sh'
[1.047s] Level 1:colcon.colcon_core.environment:checking '/IL_Turtlebot/ros_ws/install/lfd' for CMake module files
[1.047s] Level 1:colcon.colcon_core.environment:checking '/IL_Turtlebot/ros_ws/install/lfd' for CMake config files
[1.048s] Level 1:colcon.colcon_core.environment:checking '/IL_Turtlebot/ros_ws/install/lfd/lib'
[1.048s] Level 1:colcon.colcon_core.environment:checking '/IL_Turtlebot/ros_ws/install/lfd/bin'
[1.048s] Level 1:colcon.colcon_core.environment:checking '/IL_Turtlebot/ros_ws/install/lfd/lib/pkgconfig/lfd.pc'
[1.048s] Level 1:colcon.colcon_core.environment:checking '/IL_Turtlebot/ros_ws/install/lfd/lib/python3.10/site-packages'
[1.048s] Level 1:colcon.colcon_core.shell:create_environment_hook('lfd', 'pythonpath')
[1.048s] INFO:colcon.colcon_core.shell:Creating environment hook '/IL_Turtlebot/ros_ws/install/lfd/share/lfd/hook/pythonpath.ps1'
[1.048s] INFO:colcon.colcon_core.shell:Creating environment descriptor '/IL_Turtlebot/ros_ws/install/lfd/share/lfd/hook/pythonpath.dsv'
[1.049s] INFO:colcon.colcon_core.shell:Creating environment hook '/IL_Turtlebot/ros_ws/install/lfd/share/lfd/hook/pythonpath.sh'
[1.049s] Level 1:colcon.colcon_core.environment:checking '/IL_Turtlebot/ros_ws/install/lfd/bin'
[1.049s] Level 1:colcon.colcon_core.environment:create_environment_scripts_only(lfd)
[1.049s] INFO:colcon.colcon_core.shell:Creating package script '/IL_Turtlebot/ros_ws/install/lfd/share/lfd/package.ps1'
[1.050s] INFO:colcon.colcon_core.shell:Creating package descriptor '/IL_Turtlebot/ros_ws/install/lfd/share/lfd/package.dsv'
[1.050s] INFO:colcon.colcon_core.shell:Creating package script '/IL_Turtlebot/ros_ws/install/lfd/share/lfd/package.sh'
[1.051s] INFO:colcon.colcon_core.shell:Creating package script '/IL_Turtlebot/ros_ws/install/lfd/share/lfd/package.bash'
[1.052s] INFO:colcon.colcon_core.shell:Creating package script '/IL_Turtlebot/ros_ws/install/lfd/share/lfd/package.zsh'
[1.052s] Level 1:colcon.colcon_core.environment:create_file_with_runtime_dependencies(/IL_Turtlebot/ros_ws/install/lfd/share/colcon-core/packages/lfd)
[1.053s] DEBUG:colcon.colcon_parallel_executor.executor.parallel:closing loop
[1.054s] DEBUG:colcon.colcon_parallel_executor.executor.parallel:loop closed
[1.054s] DEBUG:colcon.colcon_parallel_executor.executor.parallel:run_until_complete finished with '0'
[1.055s] DEBUG:colcon.colcon_core.event_reactor:joining thread
[1.059s] INFO:colcon.colcon_core.plugin_system:Skipping extension 'colcon_notification.desktop_notification.notify_send': Could not find 'notify-send'
[1.059s] INFO:colcon.colcon_core.plugin_system:Skipping extension 'colcon_notification.desktop_notification.terminal_notifier': Not used on non-Darwin systems
[1.059s] INFO:colcon.colcon_core.plugin_system:Skipping extension 'colcon_notification.desktop_notification.win32': Not used on non-Windows systems
[1.059s] INFO:colcon.colcon_notification.desktop_notification:Sending desktop notification using 'notify2'
[1.061s] DEBUG:colcon.colcon_notification.desktop_notification.notify2:Failed to initialize notify2: org.freedesktop.DBus.Error.Spawn.ExecFailed: /usr/bin/dbus-launch terminated abnormally without any error message
[1.061s] DEBUG:colcon.colcon_core.event_reactor:joined thread
[1.062s] INFO:colcon.colcon_core.shell:Creating prefix script '/IL_Turtlebot/ros_ws/install/local_setup.ps1'
[1.063s] INFO:colcon.colcon_core.shell:Creating prefix util module '/IL_Turtlebot/ros_ws/install/_local_setup_util_ps1.py'
[1.064s] INFO:colcon.colcon_core.shell:Creating prefix chain script '/IL_Turtlebot/ros_ws/install/setup.ps1'
[1.065s] INFO:colcon.colcon_core.shell:Creating prefix script '/IL_Turtlebot/ros_ws/install/local_setup.sh'
[1.066s] INFO:colcon.colcon_core.shell:Creating prefix util module '/IL_Turtlebot/ros_ws/install/_local_setup_util_sh.py'
[1.066s] INFO:colcon.colcon_core.shell:Creating prefix chain script '/IL_Turtlebot/ros_ws/install/setup.sh'
[1.067s] INFO:colcon.colcon_core.shell:Creating prefix script '/IL_Turtlebot/ros_ws/install/local_setup.bash'
[1.067s] INFO:colcon.colcon_core.shell:Creating prefix chain script '/IL_Turtlebot/ros_ws/install/setup.bash'
[1.068s] INFO:colcon.colcon_core.shell:Creating prefix script '/IL_Turtlebot/ros_ws/install/local_setup.zsh'
[1.068s] INFO:colcon.colcon_core.shell:Creating prefix chain script '/IL_Turtlebot/ros_ws/install/setup.zsh'
