[0.452s] Invoking command in '/IL_Turtlebot/ros_ws/src/lfd': PYTHONPATH=/IL_Turtlebot/ros_ws/build/lfd/prefix_override:/usr/lib/python3/dist-packages/colcon_core/task/python/colcon_distutils_commands:/IL_Turtlebot/ros_ws/install/lfd/lib/python3.10/site-packages:${PYTHONPATH} /usr/bin/python3 -W ignore:setup.py install is deprecated setup.py egg_info --egg-base ../../build/lfd build --build-base /IL_Turtlebot/ros_ws/build/lfd/build install --record /IL_Turtlebot/ros_ws/build/lfd/install.log --single-version-externally-managed install_data
[0.609s] running egg_info
[0.609s] creating ../../build/lfd/lfd.egg-info
[0.610s] writing ../../build/lfd/lfd.egg-info/PKG-INFO
[0.610s] writing dependency_links to ../../build/lfd/lfd.egg-info/dependency_links.txt
[0.610s] writing entry points to ../../build/lfd/lfd.egg-info/entry_points.txt
[0.610s] writing requirements to ../../build/lfd/lfd.egg-info/requires.txt
[0.610s] writing top-level names to ../../build/lfd/lfd.egg-info/top_level.txt
[0.610s] writing manifest file '../../build/lfd/lfd.egg-info/SOURCES.txt'
[0.611s] reading manifest file '../../build/lfd/lfd.egg-info/SOURCES.txt'
[0.612s] writing manifest file '../../build/lfd/lfd.egg-info/SOURCES.txt'
[0.612s] running build
[0.612s] running build_py
[0.612s] creating /IL_Turtlebot/ros_ws/build/lfd/build
[0.612s] creating /IL_Turtlebot/ros_ws/build/lfd/build/lib
[0.612s] creating /IL_Turtlebot/ros_ws/build/lfd/build/lib/lfd
[0.613s] copying lfd/__init__.py -> /IL_Turtlebot/ros_ws/build/lfd/build/lib/lfd
[0.613s] running install
[0.613s] running install_lib
[0.613s] creating /IL_Turtlebot/ros_ws/install/lfd/lib/python3.10/site-packages/lfd
[0.613s] copying /IL_Turtlebot/ros_ws/build/lfd/build/lib/lfd/__init__.py -> /IL_Turtlebot/ros_ws/install/lfd/lib/python3.10/site-packages/lfd
[0.614s] byte-compiling /IL_Turtlebot/ros_ws/install/lfd/lib/python3.10/site-packages/lfd/__init__.py to __init__.cpython-310.pyc
[0.614s] running install_data
[0.614s] creating /IL_Turtlebot/ros_ws/install/lfd/share/ament_index
[0.614s] creating /IL_Turtlebot/ros_ws/install/lfd/share/ament_index/resource_index
[0.614s] creating /IL_Turtlebot/ros_ws/install/lfd/share/ament_index/resource_index/packages
[0.615s] copying resource/lfd -> /IL_Turtlebot/ros_ws/install/lfd/share/ament_index/resource_index/packages
[0.615s] copying package.xml -> /IL_Turtlebot/ros_ws/install/lfd/share/lfd
[0.615s] running install_egg_info
[0.616s] Copying ../../build/lfd/lfd.egg-info to /IL_Turtlebot/ros_ws/install/lfd/lib/python3.10/site-packages/lfd-0.0.0-py3.10.egg-info
[0.616s] running install_scripts
[0.632s] writing list of installed files to '/IL_Turtlebot/ros_ws/build/lfd/install.log'
[0.647s] Invoked command in '/IL_Turtlebot/ros_ws/src/lfd' returned '0': PYTHONPATH=/IL_Turtlebot/ros_ws/build/lfd/prefix_override:/usr/lib/python3/dist-packages/colcon_core/task/python/colcon_distutils_commands:/IL_Turtlebot/ros_ws/install/lfd/lib/python3.10/site-packages:${PYTHONPATH} /usr/bin/python3 -W ignore:setup.py install is deprecated setup.py egg_info --egg-base ../../build/lfd build --build-base /IL_Turtlebot/ros_ws/build/lfd/build install --record /IL_Turtlebot/ros_ws/build/lfd/install.log --single-version-externally-managed install_data
