[0.352s] DEBUG:colcon:Command line arguments: ['/usr/bin/colcon', 'list', '-p', '--base-paths', '/IL_Turtlebot/ros_ws']
[0.352s] DEBUG:colcon:Parsed command line arguments: Namespace(log_base=None, log_level=None, verb_name='list', build_base='build', ignore_user_meta=False, metas=['./colcon.meta'], base_paths=['/IL_Turtlebot/ros_ws'], packages_ignore=None, packages_ignore_regex=None, paths=None, packages_up_to=None, packages_up_to_regex=None, packages_above=None, packages_above_and_dependencies=None, packages_above_depth=None, packages_select_by_dep=None, packages_skip_by_dep=None, packages_skip_up_to=None, packages_select_build_failed=False, packages_skip_build_finished=False, packages_select_test_failures=False, packages_skip_test_passed=False, packages_select=None, packages_skip=None, packages_select_regex=None, packages_skip_regex=None, packages_start=None, packages_end=None, topological_order=False, names_only=False, paths_only=True, topological_graph=False, topological_graph_dot=False, topological_graph_density=False, topological_graph_legend=False, topological_graph_dot_cluster=False, topological_graph_dot_include_skipped=False, mixin_files=None, mixin=None, verb_parser=<colcon_mixin.mixin.mixin_argument.MixinArgumentDecorator object at 0x7f44a48a1810>, verb_extension=<colcon_package_information.verb.list.ListVerb object at 0x7f44a48a0520>, main=<bound method ListVerb.main of <colcon_package_information.verb.list.ListVerb object at 0x7f44a48a0520>>, mixin_verb=('list',))
[0.774s] Level 1:colcon.colcon_core.package_discovery:discover_packages(colcon_meta) check parameters
[0.775s] INFO:colcon.colcon_metadata.package_discovery.colcon_meta:Using configuration from '/root/.colcon/metadata/default/Gazebo.meta'
[0.777s] INFO:colcon.colcon_metadata.package_discovery.colcon_meta:Using configuration from '/root/.colcon/metadata/default/fastrtps.meta'
[0.778s] Level 1:colcon.colcon_core.package_discovery:discover_packages(recursive) check parameters
[0.778s] Level 1:colcon.colcon_core.package_discovery:discover_packages(ignore) check parameters
[0.778s] Level 1:colcon.colcon_core.package_discovery:discover_packages(path) check parameters
[0.778s] Level 1:colcon.colcon_core.package_discovery:discover_packages(recursive) discover
[0.778s] INFO:colcon.colcon_core.package_discovery:Crawling recursively for packages in '/IL_Turtlebot/ros_ws'
[0.778s] Level 1:colcon.colcon_core.package_identification:_identify(/IL_Turtlebot/ros_ws) by extensions ['ignore', 'ignore_ament_install']
[0.778s] Level 1:colcon.colcon_core.package_identification:_identify(/IL_Turtlebot/ros_ws) by extension 'ignore'
[0.779s] Level 1:colcon.colcon_core.package_identification:_identify(/IL_Turtlebot/ros_ws) by extension 'ignore_ament_install'
[0.779s] Level 1:colcon.colcon_core.package_identification:_identify(/IL_Turtlebot/ros_ws) by extensions ['colcon_pkg']
[0.779s] Level 1:colcon.colcon_core.package_identification:_identify(/IL_Turtlebot/ros_ws) by extension 'colcon_pkg'
[0.779s] Level 1:colcon.colcon_core.package_identification:_identify(/IL_Turtlebot/ros_ws) by extensions ['colcon_meta']
[0.779s] Level 1:colcon.colcon_core.package_identification:_identify(/IL_Turtlebot/ros_ws) by extension 'colcon_meta'
[0.779s] Level 1:colcon.colcon_core.package_identification:_identify(/IL_Turtlebot/ros_ws) by extensions ['ros']
[0.779s] Level 1:colcon.colcon_core.package_identification:_identify(/IL_Turtlebot/ros_ws) by extension 'ros'
[0.818s] Level 1:colcon.colcon_core.package_identification:_identify(/IL_Turtlebot/ros_ws) by extensions ['cmake', 'python']
[0.819s] Level 1:colcon.colcon_core.package_identification:_identify(/IL_Turtlebot/ros_ws) by extension 'cmake'
[0.819s] Level 1:colcon.colcon_core.package_identification:_identify(/IL_Turtlebot/ros_ws) by extension 'python'
[0.819s] Level 1:colcon.colcon_core.package_identification:_identify(/IL_Turtlebot/ros_ws) by extensions ['python_setup_py']
[0.819s] Level 1:colcon.colcon_core.package_identification:_identify(/IL_Turtlebot/ros_ws) by extension 'python_setup_py'
[0.821s] Level 1:colcon.colcon_core.package_identification:_identify(/IL_Turtlebot/ros_ws/build) by extensions ['ignore', 'ignore_ament_install']
[0.821s] Level 1:colcon.colcon_core.package_identification:_identify(/IL_Turtlebot/ros_ws/build) by extension 'ignore'
[0.821s] Level 1:colcon.colcon_core.package_identification:_identify(/IL_Turtlebot/ros_ws/build) ignored
[0.822s] Level 1:colcon.colcon_core.package_identification:_identify(/IL_Turtlebot/ros_ws/install) by extensions ['ignore', 'ignore_ament_install']
[0.822s] Level 1:colcon.colcon_core.package_identification:_identify(/IL_Turtlebot/ros_ws/install) by extension 'ignore'
[0.822s] Level 1:colcon.colcon_core.package_identification:_identify(/IL_Turtlebot/ros_ws/install) ignored
[0.822s] Level 1:colcon.colcon_core.package_identification:_identify(/IL_Turtlebot/ros_ws/log) by extensions ['ignore', 'ignore_ament_install']
[0.822s] Level 1:colcon.colcon_core.package_identification:_identify(/IL_Turtlebot/ros_ws/log) by extension 'ignore'
[0.823s] Level 1:colcon.colcon_core.package_identification:_identify(/IL_Turtlebot/ros_ws/log) ignored
[0.823s] Level 1:colcon.colcon_core.package_identification:_identify(/IL_Turtlebot/ros_ws/src) by extensions ['ignore', 'ignore_ament_install']
[0.823s] Level 1:colcon.colcon_core.package_identification:_identify(/IL_Turtlebot/ros_ws/src) by extension 'ignore'
[0.823s] Level 1:colcon.colcon_core.package_identification:_identify(/IL_Turtlebot/ros_ws/src) by extension 'ignore_ament_install'
[0.823s] Level 1:colcon.colcon_core.package_identification:_identify(/IL_Turtlebot/ros_ws/src) by extensions ['colcon_pkg']
[0.825s] Level 1:colcon.colcon_core.package_identification:_identify(/IL_Turtlebot/ros_ws/src) by extension 'colcon_pkg'
[0.825s] Level 1:colcon.colcon_core.package_identification:_identify(/IL_Turtlebot/ros_ws/src) by extensions ['colcon_meta']
[0.825s] Level 1:colcon.colcon_core.package_identification:_identify(/IL_Turtlebot/ros_ws/src) by extension 'colcon_meta'
[0.825s] Level 1:colcon.colcon_core.package_identification:_identify(/IL_Turtlebot/ros_ws/src) by extensions ['ros']
[0.826s] Level 1:colcon.colcon_core.package_identification:_identify(/IL_Turtlebot/ros_ws/src) by extension 'ros'
[0.826s] Level 1:colcon.colcon_core.package_identification:_identify(/IL_Turtlebot/ros_ws/src) by extensions ['cmake', 'python']
[0.826s] Level 1:colcon.colcon_core.package_identification:_identify(/IL_Turtlebot/ros_ws/src) by extension 'cmake'
[0.826s] Level 1:colcon.colcon_core.package_identification:_identify(/IL_Turtlebot/ros_ws/src) by extension 'python'
[0.826s] Level 1:colcon.colcon_core.package_identification:_identify(/IL_Turtlebot/ros_ws/src) by extensions ['python_setup_py']
[0.826s] Level 1:colcon.colcon_core.package_identification:_identify(/IL_Turtlebot/ros_ws/src) by extension 'python_setup_py'
[0.827s] Level 1:colcon.colcon_core.package_identification:_identify(/IL_Turtlebot/ros_ws/src/lfd) by extensions ['ignore', 'ignore_ament_install']
[0.827s] Level 1:colcon.colcon_core.package_identification:_identify(/IL_Turtlebot/ros_ws/src/lfd) by extension 'ignore'
[0.827s] Level 1:colcon.colcon_core.package_identification:_identify(/IL_Turtlebot/ros_ws/src/lfd) by extension 'ignore_ament_install'
[0.828s] Level 1:colcon.colcon_core.package_identification:_identify(/IL_Turtlebot/ros_ws/src/lfd) by extensions ['colcon_pkg']
[0.828s] Level 1:colcon.colcon_core.package_identification:_identify(/IL_Turtlebot/ros_ws/src/lfd) by extension 'colcon_pkg'
[0.828s] Level 1:colcon.colcon_core.package_identification:_identify(/IL_Turtlebot/ros_ws/src/lfd) by extensions ['colcon_meta']
[0.828s] Level 1:colcon.colcon_core.package_identification:_identify(/IL_Turtlebot/ros_ws/src/lfd) by extension 'colcon_meta'
[0.828s] Level 1:colcon.colcon_core.package_identification:_identify(/IL_Turtlebot/ros_ws/src/lfd) by extensions ['ros']
[0.828s] Level 1:colcon.colcon_core.package_identification:_identify(/IL_Turtlebot/ros_ws/src/lfd) by extension 'ros'
[0.833s] DEBUG:colcon.colcon_core.package_identification:Package '/IL_Turtlebot/ros_ws/src/lfd' with type 'ros.ament_python' and name 'lfd'
[0.833s] Level 1:colcon.colcon_core.package_discovery:discover_packages(recursive) using defaults
